Build started 2015-09-15 오후 6:33:28.
     1>Project "C:\Work\GBU_Server\GBU_Server\GBU_Server.vcxproj" on node 2 (Build target(s)).
     1>ClCompile:
         C:\Program Files (x86)\Microsoft Visual Studio 12.0\VC\bin\CL.exe /c /I./anpr /Zi /nologo /W3 /WX- /O2 /Oi /Oy- /GL /D WIN32 /D NDEBUG /D _WINDOWS /D _UNICODE /D UNICODE /Gm- /EHsc /MD /GS /Gy /fp:precise /Zc:wchar_t /Zc:forScope /Fo"Release\\" /Fd"Release\vc120.pdb" /Gd /TP /analyze- /errorReport:prompt GBU_Server.cpp
         GBU_Server.cpp
     1>C:\Work\opencv\build\include\opencv2/core/mat.hpp(1965): warning C4819: The file contains a character that cannot be represented in the current code page (949). Save the file in Unicode format to prevent data loss
     1>C:\Work\opencv\build\include\opencv2/core/persistence.hpp : warning C4819: The file contains a character that cannot be represented in the current code page (949). Save the file in Unicode format to prevent data loss
     1>C:\Work\opencv\build\include\opencv2/core/utility.hpp : warning C4819: The file contains a character that cannot be represented in the current code page (949). Save the file in Unicode format to prevent data loss
     1>c:\work\gbu_server\gbu_server\anpr.h(70): warning C4101: 'result' : unreferenced local variable
     1>c:\work\gbu_server\gbu_server\anpr.h(102): warning C4101: 'e' : unreferenced local variable
     1>GBU_Server.cpp(213): warning C4018: '<' : signed/unsigned mismatch
     1>GBU_Server.cpp(539): warning C4101: 'ps' : unreferenced local variable
     1>GBU_Server.cpp(538): warning C4101: 'wmId' : unreferenced local variable
     1>GBU_Server.cpp(538): warning C4101: 'wmEvent' : unreferenced local variable
     1>GBU_Server.cpp(540): warning C4101: 'hdc' : unreferenced local variable
     1>GBU_Server.cpp(849): warning C4018: '<' : signed/unsigned mismatch
     1>GBU_Server.cpp(852): warning C4018: '<' : signed/unsigned mismatch
     1>GBU_Server.cpp(875): warning C4996: 'wcsncpy': This function or variable may be unsafe. Consider using wcsncpy_s instead. To disable deprecation, use _CRT_SECURE_NO_WARNINGS. See online help for details.
                 C:\Program Files (x86)\Microsoft Visual Studio 12.0\VC\include\string.h(323) : see declaration of 'wcsncpy'
     1>GBU_Server.cpp(888): warning C4996: 'swprintf': swprintf has been changed to conform with the ISO C standard, adding an extra character count parameter. To use traditional Microsoft swprintf, set _CRT_NON_CONFORMING_SWPRINTFS.
                 C:\Program Files (x86)\Microsoft Visual Studio 12.0\VC\include\swprintf.inl(85) : see declaration of 'swprintf'
       Link:
         C:\Program Files (x86)\Microsoft Visual Studio 12.0\VC\bin\link.exe /ERRORREPORT:PROMPT /OUT:"C:\Work\GBU_Server\Bin\GBU_Server.exe" /INCREMENTAL:NO /NOLOGO kernel32.lib user32.lib gdi32.lib winspool.lib comdlg32.lib advapi32.lib shell32.lib ole32.lib oleaut32.lib uuid.lib odbc32.lib odbccp32.lib /MANIFEST /MANIFESTUAC:"level='asInvoker' uiAccess='false'" /manifest:embed /DEBUG /PDB:"C:\Work\GBU_Server\Bin\GBU_Server.pdb" /SUBSYSTEM:WINDOWS /OPT:REF /OPT:ICF /LTCG /TLBID:1 /DYNAMICBASE /NXCOMPAT /IMPLIB:"C:\Work\GBU_Server\Bin\GBU_Server.lib" /MACHINE:X86 /SAFESEH Release\GBU_Server.res
         Release\gxsdldr.obj
         Release\GBU_Server.obj
         Release\MediaServer.obj
         Release\sqlite3.obj
         Release\stdafx.obj
         Generating code
         Finished generating code
         GBU_Server.vcxproj -> C:\Work\GBU_Server\Bin\GBU_Server.exe
     1>Done Building Project "C:\Work\GBU_Server\GBU_Server\GBU_Server.vcxproj" (Build target(s)).

Build succeeded.

Time Elapsed 00:00:04.23
