Build started 2015-07-23 오후 11:44:32.
     1>Project "E:\Working\GBU\Demo\GBU_Server\GBU_Server\GBU_Server.vcxproj" on node 2 (Build target(s)).
     1>ClCompile:
         C:\Program Files (x86)\Microsoft Visual Studio 12.0\VC\bin\CL.exe /c /I./anpr /ZI /nologo /W3 /WX- /Od /Oy- /D WIN32 /D _DEBUG /D _WINDOWS /D _UNICODE /D UNICODE /Gm /EHsc /RTC1 /MDd /GS /fp:precise /Zc:wchar_t /Zc:forScope /Fo"Debug\\" /Fd"Debug\vc120.pdb" /Gd /TP /analyze- /errorReport:prompt GBU_Server.cpp MediaServer.cpp
         MediaServer.cpp
     1>e:\working\gbu\opencv\build\include\opencv2\core\mat.hpp(1965): warning C4819: The file contains a character that cannot be represented in the current code page (949). Save the file in Unicode format to prevent data loss
     1>e:\working\gbu\opencv\build\include\opencv2\core\persistence.hpp : warning C4819: The file contains a character that cannot be represented in the current code page (949). Save the file in Unicode format to prevent data loss
     1>e:\working\gbu\opencv\build\include\opencv2\core\utility.hpp : warning C4819: The file contains a character that cannot be represented in the current code page (949). Save the file in Unicode format to prevent data loss
         GBU_Server.cpp
     1>e:\working\gbu\opencv\build\include\opencv2\core\mat.hpp(1965): warning C4819: The file contains a character that cannot be represented in the current code page (949). Save the file in Unicode format to prevent data loss
     1>e:\working\gbu\opencv\build\include\opencv2\core\persistence.hpp : warning C4819: The file contains a character that cannot be represented in the current code page (949). Save the file in Unicode format to prevent data loss
     1>e:\working\gbu\opencv\build\include\opencv2\core\utility.hpp : warning C4819: The file contains a character that cannot be represented in the current code page (949). Save the file in Unicode format to prevent data loss
     1>e:\working\gbu\demo\gbu_server\gbu_server\anpr.h(70): warning C4101: 'result' : unreferenced local variable
     1>e:\working\gbu\demo\gbu_server\gbu_server\anpr.h(102): warning C4101: 'e' : unreferenced local variable
     1>e:\working\gbu\demo\gbu_server\gbu_server\gbu_server.cpp(206): warning C4018: '<' : signed/unsigned mismatch
     1>e:\working\gbu\demo\gbu_server\gbu_server\gbu_server.cpp(532): warning C4101: 'ps' : unreferenced local variable
     1>e:\working\gbu\demo\gbu_server\gbu_server\gbu_server.cpp(531): warning C4101: 'wmId' : unreferenced local variable
     1>e:\working\gbu\demo\gbu_server\gbu_server\gbu_server.cpp(531): warning C4101: 'wmEvent' : unreferenced local variable
     1>e:\working\gbu\demo\gbu_server\gbu_server\gbu_server.cpp(533): warning C4101: 'hdc' : unreferenced local variable
     1>e:\working\gbu\demo\gbu_server\gbu_server\gbu_server.cpp(798): warning C4018: '<' : signed/unsigned mismatch
     1>e:\working\gbu\demo\gbu_server\gbu_server\gbu_server.cpp(801): warning C4018: '<' : signed/unsigned mismatch
     1>e:\working\gbu\demo\gbu_server\gbu_server\gbu_server.cpp(824): warning C4996: 'wcsncpy': This function or variable may be unsafe. Consider using wcsncpy_s instead. To disable deprecation, use _CRT_SECURE_NO_WARNINGS. See online help for details.
                 c:\program files (x86)\microsoft visual studio 12.0\vc\include\string.h(323) : see declaration of 'wcsncpy'
         Generating Code...
       Link:
         C:\Program Files (x86)\Microsoft Visual Studio 12.0\VC\bin\link.exe /ERRORREPORT:PROMPT /OUT:"E:\Working\GBU\Demo\GBU_Server\Bin\GBU_Server.exe" /INCREMENTAL /NOLOGO kernel32.lib user32.lib gdi32.lib winspool.lib comdlg32.lib advapi32.lib shell32.lib ole32.lib oleaut32.lib uuid.lib odbc32.lib odbccp32.lib /MANIFEST /MANIFESTUAC:"level='asInvoker' uiAccess='false'" /manifest:embed /DEBUG /PDB:"E:\Working\GBU\Demo\GBU_Server\Bin\GBU_Server.pdb" /SUBSYSTEM:WINDOWS /TLBID:1 /DYNAMICBASE /NXCOMPAT /IMPLIB:"E:\Working\GBU\Demo\GBU_Server\Bin\GBU_Server.lib" /MACHINE:X86 Debug\GBU_Server.res
         Debug\gxsdldr.obj
         Debug\GBU_Server.obj
         Debug\MediaServer.obj
         Debug\sqlite3.obj
         Debug\stdafx.obj
         GBU_Server.vcxproj -> E:\Working\GBU\Demo\GBU_Server\Bin\GBU_Server.exe
     1>Done Building Project "E:\Working\GBU\Demo\GBU_Server\GBU_Server\GBU_Server.vcxproj" (Build target(s)).

Build succeeded.

Time Elapsed 00:00:02.05
