e:\working\gbu\demo\gbu_server\gbu_server\debug\gbu_server.pch
e:\working\gbu\demo\gbu_server\gbu_server\debug\vc120.pdb
e:\working\gbu\demo\gbu_server\gbu_server\debug\vc120.idb
e:\working\gbu\demo\gbu_server\gbu_server\debug\stdafx.obj
e:\working\gbu\demo\gbu_server\gbu_server\debug\gxsdldr.obj
e:\working\gbu\demo\gbu_server\gbu_server\debug\gbu_server.obj
e:\working\gbu\demo\gbu_server\gbu_server\debug\mediaserver.obj
e:\working\gbu\demo\gbu_server\gbu_server\debug\sqlite3.obj
e:\working\gbu\demo\gbu_server\bin\gbu_server.ilk
e:\working\gbu\demo\gbu_server\bin\gbu_server.exe
e:\working\gbu\demo\gbu_server\bin\gbu_server.pdb
e:\working\gbu\demo\gbu_server\gbu_server\debug\gbu_server.res
e:\working\gbu\demo\gbu_server\gbu_server\debug\gbu_server.tlog\cl.command.1.tlog
e:\working\gbu\demo\gbu_server\gbu_server\debug\gbu_server.tlog\cl.read.1.tlog
e:\working\gbu\demo\gbu_server\gbu_server\debug\gbu_server.tlog\cl.write.1.tlog
e:\working\gbu\demo\gbu_server\gbu_server\debug\gbu_server.tlog\link.command.1.tlog
e:\working\gbu\demo\gbu_server\gbu_server\debug\gbu_server.tlog\link.read.1.tlog
e:\working\gbu\demo\gbu_server\gbu_server\debug\gbu_server.tlog\link.write.1.tlog
e:\working\gbu\demo\gbu_server\gbu_server\debug\gbu_server.tlog\rc.command.1.tlog
e:\working\gbu\demo\gbu_server\gbu_server\debug\gbu_server.tlog\rc.read.1.tlog
e:\working\gbu\demo\gbu_server\gbu_server\debug\gbu_server.tlog\rc.write.1.tlog
